TN:
SF:/Users/mac/Documents/workspace/AndelaWorkspace/simulations/DMS-FULLSTACK/public/js/application.js
FN:1,e
FN:1,s
FN:1,(anonymous_3)
FN:1,(anonymous_4)
FN:2,(anonymous_5)
FN:53,(anonymous_6)
FN:56,(anonymous_7)
FN:65,(anonymous_8)
FN:74,(anonymous_9)
FN:84,(anonymous_10)
FN:193,(anonymous_11)
FN:194,(anonymous_12)
FN:206,(anonymous_13)
FN:209,(anonymous_14)
FN:210,(anonymous_15)
FN:215,(anonymous_16)
FN:219,(anonymous_17)
FN:224,(anonymous_18)
FN:233,(anonymous_19)
FN:236,(anonymous_20)
FN:241,(anonymous_21)
FN:247,(anonymous_22)
FN:251,(anonymous_23)
FN:262,(anonymous_24)
FN:271,(anonymous_25)
FN:274,(anonymous_26)
FN:279,(anonymous_27)
FN:285,(anonymous_28)
FN:294,(anonymous_29)
FN:297,(anonymous_30)
FN:302,(anonymous_31)
FN:312,(anonymous_32)
FN:313,(anonymous_33)
FN:319,(anonymous_34)
FN:321,(anonymous_35)
FN:322,(anonymous_36)
FN:337,(anonymous_37)
FN:338,(anonymous_38)
FN:344,(anonymous_39)
FN:347,(anonymous_40)
FN:348,(anonymous_41)
FN:373,authenticateOrCreateUser
FN:385,(anonymous_43)
FN:389,(anonymous_44)
FN:403,(anonymous_45)
FN:404,(anonymous_46)
FN:411,(anonymous_47)
FN:412,(anonymous_48)
FN:422,(anonymous_49)
FN:423,(anonymous_50)
FN:436,(anonymous_51)
FN:444,(anonymous_52)
FN:448,(anonymous_53)
FN:469,(anonymous_54)
FN:472,(anonymous_55)
FN:475,(anonymous_56)
FN:482,(anonymous_57)
FN:484,(anonymous_58)
FN:492,(anonymous_59)
FN:502,(anonymous_60)
FN:503,(anonymous_61)
FN:509,(anonymous_62)
FN:512,(anonymous_63)
FN:516,(anonymous_64)
FN:523,(anonymous_65)
FN:535,(anonymous_66)
FN:548,(anonymous_67)
FN:549,(anonymous_68)
FN:556,(anonymous_69)
FN:558,(anonymous_70)
FN:569,(anonymous_71)
FN:570,(anonymous_72)
FN:586,(anonymous_73)
FN:589,(anonymous_74)
FN:594,(anonymous_75)
FN:599,(anonymous_76)
FN:601,(anonymous_77)
FN:611,(anonymous_78)
FN:615,toggleSidenav
FN:616,(anonymous_80)
FN:623,(anonymous_81)
FN:629,(anonymous_82)
FN:638,(anonymous_83)
FN:644,(anonymous_84)
FN:655,(anonymous_85)
FN:658,(anonymous_86)
FN:663,(anonymous_87)
FN:665,(anonymous_88)
FN:673,(anonymous_89)
FN:679,(anonymous_90)
FN:688,(anonymous_91)
FN:691,(anonymous_92)
FN:700,(anonymous_93)
FN:710,(anonymous_94)
FN:711,(anonymous_95)
FN:719,(anonymous_96)
FN:720,(anonymous_97)
FN:721,(anonymous_98)
FN:726,(anonymous_99)
FN:735,(anonymous_100)
FN:736,(anonymous_101)
FN:740,(anonymous_102)
FN:743,(anonymous_103)
FN:744,validate
FN:751,(anonymous_105)
FN:759,(anonymous_106)
FN:760,(anonymous_107)
FN:764,(anonymous_108)
FN:766,(anonymous_109)
FN:773,(anonymous_110)
FN:776,(anonymous_111)
FN:783,(anonymous_112)
FN:784,(anonymous_113)
FN:788,(anonymous_114)
FN:789,(anonymous_115)
FN:793,(anonymous_116)
FN:805,(anonymous_117)
FN:809,(anonymous_118)
FN:812,(anonymous_119)
FN:824,(anonymous_120)
FN:827,(anonymous_121)
FN:831,(anonymous_122)
FN:837,(anonymous_123)
FN:838,(anonymous_124)
FN:842,(anonymous_125)
FN:843,(anonymous_126)
FN:847,(anonymous_127)
FN:859,(anonymous_128)
FN:863,(anonymous_129)
FN:866,(anonymous_130)
FN:878,(anonymous_131)
FN:881,(anonymous_132)
FN:885,(anonymous_133)
FN:891,(anonymous_134)
FN:892,(anonymous_135)
FN:896,(anonymous_136)
FN:912,(anonymous_137)
FN:914,(anonymous_138)
FN:916,(anonymous_139)
FN:919,(anonymous_140)
FN:930,(anonymous_141)
FN:931,(anonymous_142)
FN:934,(anonymous_143)
FN:953,(anonymous_144)
FN:955,(anonymous_145)
FN:957,(anonymous_146)
FN:960,(anonymous_147)
FN:963,(anonymous_148)
FN:965,(anonymous_149)
FN:974,(anonymous_150)
FN:979,(anonymous_151)
FN:987,(anonymous_152)
FN:1012,(anonymous_153)
FN:1013,(anonymous_154)
FN:1017,(anonymous_155)
FN:1018,(anonymous_156)
FN:1021,(anonymous_157)
FN:1032,(anonymous_158)
FN:1034,(anonymous_159)
FN:1036,(anonymous_160)
FN:1043,(anonymous_161)
FN:1047,(anonymous_162)
FN:1050,(anonymous_163)
FN:1053,(anonymous_164)
FN:1066,(anonymous_165)
FN:1068,(anonymous_166)
FN:1083,(anonymous_167)
FN:1086,(anonymous_168)
FN:1088,(anonymous_169)
FN:1091,(anonymous_170)
FN:1094,(anonymous_171)
FN:1101,(anonymous_172)
FN:1102,(anonymous_173)
FN:1106,(anonymous_174)
FN:1108,(anonymous_175)
FN:1120,(anonymous_176)
FN:1121,(anonymous_177)
FN:1137,(anonymous_178)
FN:1140,(anonymous_179)
FN:1145,(anonymous_180)
FN:1146,(anonymous_181)
FN:1148,(anonymous_182)
FN:1153,(anonymous_183)
FN:1154,(anonymous_184)
FN:1156,(anonymous_185)
FN:1161,(anonymous_186)
FN:1164,(anonymous_187)
FN:1170,(anonymous_188)
FN:1172,(anonymous_189)
FN:1174,(anonymous_190)
FNF:190
FNH:158
FNDA:1,e
FNDA:21,s
FNDA:20,(anonymous_3)
FNDA:1,(anonymous_4)
FNDA:1,(anonymous_5)
FNDA:84,(anonymous_6)
FNDA:11,(anonymous_7)
FNDA:11,(anonymous_8)
FNDA:0,(anonymous_9)
FNDA:84,(anonymous_10)
FNDA:1,(anonymous_11)
FNDA:1,(anonymous_12)
FNDA:5,(anonymous_13)
FNDA:6,(anonymous_14)
FNDA:6,(anonymous_15)
FNDA:0,(anonymous_16)
FNDA:6,(anonymous_17)
FNDA:1,(anonymous_18)
FNDA:1,(anonymous_19)
FNDA:1,(anonymous_20)
FNDA:0,(anonymous_21)
FNDA:1,(anonymous_22)
FNDA:1,(anonymous_23)
FNDA:1,(anonymous_24)
FNDA:1,(anonymous_25)
FNDA:1,(anonymous_26)
FNDA:0,(anonymous_27)
FNDA:1,(anonymous_28)
FNDA:1,(anonymous_29)
FNDA:1,(anonymous_30)
FNDA:0,(anonymous_31)
FNDA:1,(anonymous_32)
FNDA:1,(anonymous_33)
FNDA:2,(anonymous_34)
FNDA:2,(anonymous_35)
FNDA:2,(anonymous_36)
FNDA:1,(anonymous_37)
FNDA:1,(anonymous_38)
FNDA:5,(anonymous_39)
FNDA:3,(anonymous_40)
FNDA:3,(anonymous_41)
FNDA:1,authenticateOrCreateUser
FNDA:1,(anonymous_43)
FNDA:0,(anonymous_44)
FNDA:1,(anonymous_45)
FNDA:0,(anonymous_46)
FNDA:1,(anonymous_47)
FNDA:1,(anonymous_48)
FNDA:1,(anonymous_49)
FNDA:1,(anonymous_50)
FNDA:4,(anonymous_51)
FNDA:1,(anonymous_52)
FNDA:0,(anonymous_53)
FNDA:0,(anonymous_54)
FNDA:0,(anonymous_55)
FNDA:0,(anonymous_56)
FNDA:3,(anonymous_57)
FNDA:2,(anonymous_58)
FNDA:0,(anonymous_59)
FNDA:1,(anonymous_60)
FNDA:1,(anonymous_61)
FNDA:4,(anonymous_62)
FNDA:1,(anonymous_63)
FNDA:3,(anonymous_64)
FNDA:2,(anonymous_65)
FNDA:1,(anonymous_66)
FNDA:1,(anonymous_67)
FNDA:1,(anonymous_68)
FNDA:0,(anonymous_69)
FNDA:0,(anonymous_70)
FNDA:1,(anonymous_71)
FNDA:1,(anonymous_72)
FNDA:9,(anonymous_73)
FNDA:18,(anonymous_74)
FNDA:0,(anonymous_75)
FNDA:18,(anonymous_76)
FNDA:18,(anonymous_77)
FNDA:0,(anonymous_78)
FNDA:9,toggleSidenav
FNDA:0,(anonymous_80)
FNDA:2,(anonymous_81)
FNDA:1,(anonymous_82)
FNDA:1,(anonymous_83)
FNDA:1,(anonymous_84)
FNDA:1,(anonymous_85)
FNDA:1,(anonymous_86)
FNDA:3,(anonymous_87)
FNDA:3,(anonymous_88)
FNDA:0,(anonymous_89)
FNDA:1,(anonymous_90)
FNDA:1,(anonymous_91)
FNDA:1,(anonymous_92)
FNDA:0,(anonymous_93)
FNDA:1,(anonymous_94)
FNDA:1,(anonymous_95)
FNDA:2,(anonymous_96)
FNDA:3,(anonymous_97)
FNDA:3,(anonymous_98)
FNDA:1,(anonymous_99)
FNDA:1,(anonymous_100)
FNDA:1,(anonymous_101)
FNDA:0,(anonymous_102)
FNDA:0,(anonymous_103)
FNDA:0,validate
FNDA:0,(anonymous_105)
FNDA:1,(anonymous_106)
FNDA:1,(anonymous_107)
FNDA:7,(anonymous_108)
FNDA:1,(anonymous_109)
FNDA:1,(anonymous_110)
FNDA:1,(anonymous_111)
FNDA:1,(anonymous_112)
FNDA:1,(anonymous_113)
FNDA:8,(anonymous_114)
FNDA:1,(anonymous_115)
FNDA:1,(anonymous_116)
FNDA:0,(anonymous_117)
FNDA:0,(anonymous_118)
FNDA:2,(anonymous_119)
FNDA:2,(anonymous_120)
FNDA:1,(anonymous_121)
FNDA:1,(anonymous_122)
FNDA:1,(anonymous_123)
FNDA:1,(anonymous_124)
FNDA:15,(anonymous_125)
FNDA:2,(anonymous_126)
FNDA:1,(anonymous_127)
FNDA:0,(anonymous_128)
FNDA:0,(anonymous_129)
FNDA:2,(anonymous_130)
FNDA:2,(anonymous_131)
FNDA:1,(anonymous_132)
FNDA:1,(anonymous_133)
FNDA:1,(anonymous_134)
FNDA:1,(anonymous_135)
FNDA:1,(anonymous_136)
FNDA:1,(anonymous_137)
FNDA:84,(anonymous_138)
FNDA:84,(anonymous_139)
FNDA:3,(anonymous_140)
FNDA:1,(anonymous_141)
FNDA:1,(anonymous_142)
FNDA:0,(anonymous_143)
FNDA:1,(anonymous_144)
FNDA:84,(anonymous_145)
FNDA:84,(anonymous_146)
FNDA:0,(anonymous_147)
FNDA:0,(anonymous_148)
FNDA:0,(anonymous_149)
FNDA:2,(anonymous_150)
FNDA:2,(anonymous_151)
FNDA:2,(anonymous_152)
FNDA:1,(anonymous_153)
FNDA:1,(anonymous_154)
FNDA:9,(anonymous_155)
FNDA:1,(anonymous_156)
FNDA:1,(anonymous_157)
FNDA:4,(anonymous_158)
FNDA:8,(anonymous_159)
FNDA:2,(anonymous_160)
FNDA:1,(anonymous_161)
FNDA:2,(anonymous_162)
FNDA:1,(anonymous_163)
FNDA:1,(anonymous_164)
FNDA:1,(anonymous_165)
FNDA:1,(anonymous_166)
FNDA:1,(anonymous_167)
FNDA:84,(anonymous_168)
FNDA:2,(anonymous_169)
FNDA:42,(anonymous_170)
FNDA:1,(anonymous_171)
FNDA:1,(anonymous_172)
FNDA:1,(anonymous_173)
FNDA:84,(anonymous_174)
FNDA:39,(anonymous_175)
FNDA:1,(anonymous_176)
FNDA:1,(anonymous_177)
FNDA:2,(anonymous_178)
FNDA:1,(anonymous_179)
FNDA:2,(anonymous_180)
FNDA:1,(anonymous_181)
FNDA:1,(anonymous_182)
FNDA:84,(anonymous_183)
FNDA:11,(anonymous_184)
FNDA:0,(anonymous_185)
FNDA:2,(anonymous_186)
FNDA:1,(anonymous_187)
FNDA:3,(anonymous_188)
FNDA:1,(anonymous_189)
FNDA:2,(anonymous_190)
DA:1,21
DA:2,1
DA:5,1
DA:6,1
DA:7,1
DA:8,1
DA:11,1
DA:12,1
DA:13,1
DA:14,1
DA:15,1
DA:16,1
DA:17,1
DA:18,1
DA:19,1
DA:20,1
DA:21,1
DA:24,1
DA:25,1
DA:26,1
DA:27,1
DA:28,1
DA:29,1
DA:30,1
DA:31,1
DA:34,1
DA:36,1
DA:52,1
DA:56,84
DA:57,11
DA:58,11
DA:62,84
DA:63,84
DA:65,84
DA:66,11
DA:67,0
DA:68,11
DA:69,11
DA:71,0
DA:74,84
DA:76,0
DA:82,1
DA:88,84
DA:89,84
DA:99,84
DA:105,84
DA:108,84
DA:111,84
DA:116,84
DA:187,84
DA:194,1
DA:197,1
DA:209,5
DA:210,6
DA:211,6
DA:214,6
DA:216,0
DA:219,6
DA:220,6
DA:224,5
DA:225,1
DA:233,1
DA:234,1
DA:237,1
DA:239,1
DA:242,0
DA:247,5
DA:248,1
DA:251,1
DA:252,1
DA:253,0
DA:255,1
DA:256,1
DA:262,5
DA:263,1
DA:271,1
DA:272,1
DA:275,1
DA:277,1
DA:280,0
DA:285,5
DA:286,1
DA:294,1
DA:295,1
DA:298,1
DA:300,1
DA:303,0
DA:307,5
DA:313,1
DA:316,1
DA:321,2
DA:322,2
DA:323,2
DA:324,2
DA:325,1
DA:326,1
DA:327,1
DA:329,1
DA:338,1
DA:341,1
DA:347,5
DA:348,3
DA:349,3
DA:350,2
DA:351,2
DA:352,2
DA:353,1
DA:357,1
DA:362,1
DA:363,1
DA:366,0
DA:373,1
DA:374,1
DA:383,1
DA:384,1
DA:385,1
DA:386,1
DA:387,1
DA:389,1
DA:390,0
DA:391,0
DA:392,0
DA:394,0
DA:395,0
DA:396,0
DA:403,5
DA:404,1
DA:405,0
DA:406,0
DA:411,5
DA:412,1
DA:413,1
DA:414,1
DA:423,1
DA:426,1
DA:439,4
DA:440,4
DA:443,4
DA:445,1
DA:448,4
DA:449,0
DA:450,0
DA:451,0
DA:453,0
DA:454,0
DA:455,0
DA:470,0
DA:471,0
DA:473,0
DA:474,0
DA:476,0
DA:482,4
DA:483,3
DA:484,3
DA:485,2
DA:487,2
DA:493,0
DA:494,0
DA:503,1
DA:506,1
DA:511,4
DA:513,1
DA:516,4
DA:517,3
DA:523,3
DA:524,2
DA:525,2
DA:526,2
DA:527,1
DA:531,1
DA:536,1
DA:537,0
DA:540,1
DA:549,1
DA:552,1
DA:558,0
DA:559,0
DA:560,0
DA:562,0
DA:570,1
DA:573,1
DA:589,9
DA:590,18
DA:591,18
DA:592,0
DA:595,0
DA:599,18
DA:600,18
DA:601,18
DA:602,18
DA:603,18
DA:609,9
DA:611,9
DA:612,0
DA:615,1
DA:616,9
DA:617,0
DA:623,9
DA:624,2
DA:628,2
DA:629,2
DA:630,1
DA:631,1
DA:637,1
DA:639,1
DA:640,1
DA:644,9
DA:645,1
DA:648,9
DA:655,9
DA:656,1
DA:659,1
DA:663,9
DA:664,3
DA:665,3
DA:666,3
DA:668,3
DA:674,0
DA:679,9
DA:680,1
DA:688,1
DA:689,1
DA:692,1
DA:694,1
DA:701,0
DA:705,9
DA:711,1
DA:714,1
DA:720,2
DA:721,3
DA:722,3
DA:726,2
DA:727,1
DA:728,1
DA:730,2
DA:736,1
DA:739,1
DA:741,0
DA:744,1
DA:745,0
DA:746,0
DA:747,0
DA:749,0
DA:750,0
DA:751,0
DA:752,0
DA:760,1
DA:763,1
DA:765,7
DA:767,1
DA:768,0
DA:770,1
DA:774,1
DA:777,1
DA:784,1
DA:787,1
DA:789,8
DA:790,1
DA:793,8
DA:794,1
DA:806,0
DA:807,0
DA:812,8
DA:813,2
DA:825,2
DA:827,2
DA:828,1
DA:831,2
DA:832,1
DA:838,1
DA:841,1
DA:843,15
DA:844,2
DA:847,15
DA:848,1
DA:860,0
DA:861,0
DA:866,15
DA:867,2
DA:879,2
DA:881,2
DA:882,1
DA:885,2
DA:886,1
DA:892,1
DA:895,1
DA:897,1
DA:908,1
DA:913,1
DA:915,84
DA:916,84
DA:917,84
DA:919,84
DA:920,3
DA:921,3
DA:923,4
DA:931,1
DA:932,1
DA:933,1
DA:935,0
DA:937,0
DA:938,0
DA:941,0
DA:954,1
DA:956,84
DA:957,84
DA:958,84
DA:960,84
DA:961,0
DA:962,0
DA:963,0
DA:964,0
DA:966,0
DA:971,0
DA:974,84
DA:975,2
DA:977,2
DA:979,2
DA:980,2
DA:981,2
DA:982,2
DA:983,2
DA:984,2
DA:985,2
DA:987,2
DA:988,2
DA:989,2
DA:990,2
DA:991,2
DA:992,2
DA:993,2
DA:997,1
DA:999,0
DA:1013,1
DA:1016,1
DA:1018,9
DA:1019,1
DA:1021,9
DA:1022,1
DA:1034,4
DA:1035,8
DA:1037,2
DA:1038,2
DA:1042,4
DA:1043,4
DA:1044,1
DA:1047,4
DA:1048,2
DA:1050,4
DA:1051,1
DA:1052,1
DA:1053,1
DA:1054,1
DA:1055,1
DA:1056,1
DA:1057,1
DA:1062,4
DA:1067,1
DA:1069,1
DA:1080,1
DA:1084,1
DA:1087,84
DA:1089,2
DA:1092,42
DA:1095,1
DA:1102,1
DA:1105,1
DA:1107,84
DA:1109,39
DA:1110,39
DA:1111,19
DA:1113,39
DA:1116,84
DA:1121,1
DA:1124,1
DA:1126,84
DA:1137,84
DA:1138,2
DA:1139,1
DA:1141,1
DA:1145,84
DA:1146,2
DA:1147,1
DA:1149,1
DA:1153,84
DA:1154,84
DA:1155,11
DA:1157,0
DA:1161,84
DA:1162,2
DA:1163,1
DA:1165,1
DA:1170,84
DA:1171,3
DA:1173,1
DA:1175,2
DA:1178,84
LF:397
LH:331
BRDA:1,1,0,21
BRDA:1,1,1,0
BRDA:1,2,0,0
BRDA:1,2,1,21
BRDA:1,3,0,0
BRDA:1,3,1,0
BRDA:1,4,0,0
BRDA:1,4,1,0
BRDA:1,5,0,0
BRDA:1,5,1,0
BRDA:1,6,0,0
BRDA:1,6,1,0
BRDA:1,7,0,20
BRDA:1,7,1,0
BRDA:1,8,0,1
BRDA:1,8,1,0
BRDA:57,9,0,11
BRDA:57,9,1,0
BRDA:66,10,0,0
BRDA:66,10,1,11
BRDA:66,11,0,11
BRDA:66,11,1,0
BRDA:68,12,0,11
BRDA:68,12,1,0
BRDA:252,13,0,0
BRDA:252,13,1,1
BRDA:324,14,0,1
BRDA:324,14,1,1
BRDA:349,15,0,2
BRDA:349,15,1,1
BRDA:352,16,0,1
BRDA:352,16,1,1
BRDA:362,17,0,1
BRDA:362,17,1,0
BRDA:374,18,0,1
BRDA:374,18,1,0
BRDA:375,19,0,0
BRDA:375,19,1,1
BRDA:378,20,0,1
BRDA:378,20,1,1
BRDA:379,21,0,1
BRDA:379,21,1,1
BRDA:390,22,0,0
BRDA:390,22,1,0
BRDA:405,23,0,0
BRDA:405,23,1,0
BRDA:413,24,0,1
BRDA:413,24,1,0
BRDA:450,25,0,0
BRDA:450,25,1,0
BRDA:453,26,0,0
BRDA:453,26,1,0
BRDA:453,27,0,0
BRDA:453,27,1,0
BRDA:526,28,0,1
BRDA:526,28,1,1
BRDA:536,29,0,0
BRDA:536,29,1,1
BRDA:536,30,0,1
BRDA:536,30,1,0
BRDA:559,31,0,0
BRDA:559,31,1,0
BRDA:591,32,0,0
BRDA:591,32,1,18
BRDA:600,33,0,18
BRDA:600,33,1,0
BRDA:747,34,0,0
BRDA:747,34,1,0
BRDA:767,35,0,0
BRDA:767,35,1,1
BRDA:806,36,0,0
BRDA:806,36,1,0
BRDA:860,37,0,0
BRDA:860,37,1,0
BRDA:932,38,0,1
BRDA:932,38,1,0
BRDA:937,39,0,0
BRDA:937,39,1,0
BRDA:961,40,0,0
BRDA:961,40,1,0
BRDA:962,41,0,0
BRDA:962,41,1,0
BRDA:1004,42,0,1
BRDA:1004,42,1,1
BRDA:1110,43,0,19
BRDA:1110,43,1,20
BRDA:1110,44,0,39
BRDA:1110,44,1,27
BRF:88
BRH:37
end_of_record
