TN:
SF:/Users/mac/Documents/workspace/AndelaWorkspace/simulations/DMS-FULLSTACK/public/js/application.js
FN:1,e
FN:1,s
FN:1,(anonymous_3)
FN:1,(anonymous_4)
FN:2,(anonymous_5)
FN:54,(anonymous_6)
FN:57,(anonymous_7)
FN:62,(anonymous_8)
FN:71,(anonymous_9)
FN:80,(anonymous_10)
FN:90,(anonymous_11)
FN:210,(anonymous_12)
FN:211,(anonymous_13)
FN:223,(anonymous_14)
FN:226,(anonymous_15)
FN:227,(anonymous_16)
FN:232,(anonymous_17)
FN:236,(anonymous_18)
FN:241,(anonymous_19)
FN:250,(anonymous_20)
FN:253,(anonymous_21)
FN:258,(anonymous_22)
FN:264,(anonymous_23)
FN:268,(anonymous_24)
FN:279,(anonymous_25)
FN:288,(anonymous_26)
FN:291,(anonymous_27)
FN:296,(anonymous_28)
FN:302,(anonymous_29)
FN:311,(anonymous_30)
FN:314,(anonymous_31)
FN:319,(anonymous_32)
FN:329,(anonymous_33)
FN:330,(anonymous_34)
FN:336,(anonymous_35)
FN:338,(anonymous_36)
FN:346,(anonymous_37)
FN:347,(anonymous_38)
FN:353,(anonymous_39)
FN:356,(anonymous_40)
FN:357,(anonymous_41)
FN:382,authenticateOrCreateUser
FN:394,(anonymous_43)
FN:398,(anonymous_44)
FN:412,(anonymous_45)
FN:413,(anonymous_46)
FN:420,(anonymous_47)
FN:421,(anonymous_48)
FN:431,(anonymous_49)
FN:432,(anonymous_50)
FN:445,(anonymous_51)
FN:453,(anonymous_52)
FN:457,(anonymous_53)
FN:478,(anonymous_54)
FN:481,(anonymous_55)
FN:484,(anonymous_56)
FN:491,(anonymous_57)
FN:493,(anonymous_58)
FN:501,(anonymous_59)
FN:510,(anonymous_60)
FN:511,(anonymous_61)
FN:517,(anonymous_62)
FN:520,(anonymous_63)
FN:524,(anonymous_64)
FN:531,(anonymous_65)
FN:543,(anonymous_66)
FN:556,(anonymous_67)
FN:557,(anonymous_68)
FN:564,(anonymous_69)
FN:566,(anonymous_70)
FN:577,(anonymous_71)
FN:578,(anonymous_72)
FN:593,(anonymous_73)
FN:596,(anonymous_74)
FN:600,(anonymous_75)
FN:605,(anonymous_76)
FN:607,(anonymous_77)
FN:616,(anonymous_78)
FN:622,(anonymous_79)
FN:631,(anonymous_80)
FN:637,(anonymous_81)
FN:648,(anonymous_82)
FN:651,(anonymous_83)
FN:656,(anonymous_84)
FN:658,(anonymous_85)
FN:666,(anonymous_86)
FN:672,(anonymous_87)
FN:681,(anonymous_88)
FN:684,(anonymous_89)
FN:693,(anonymous_90)
FN:703,(anonymous_91)
FN:704,(anonymous_92)
FN:712,(anonymous_93)
FN:713,(anonymous_94)
FN:714,(anonymous_95)
FN:719,(anonymous_96)
FN:728,(anonymous_97)
FN:729,(anonymous_98)
FN:733,(anonymous_99)
FN:736,(anonymous_100)
FN:737,validate
FN:744,(anonymous_102)
FN:752,(anonymous_103)
FN:753,(anonymous_104)
FN:757,(anonymous_105)
FN:759,(anonymous_106)
FN:766,(anonymous_107)
FN:769,(anonymous_108)
FN:776,(anonymous_109)
FN:777,(anonymous_110)
FN:781,(anonymous_111)
FN:782,(anonymous_112)
FN:786,(anonymous_113)
FN:798,(anonymous_114)
FN:802,(anonymous_115)
FN:805,(anonymous_116)
FN:817,(anonymous_117)
FN:820,(anonymous_118)
FN:824,(anonymous_119)
FN:830,(anonymous_120)
FN:831,(anonymous_121)
FN:835,(anonymous_122)
FN:836,(anonymous_123)
FN:840,(anonymous_124)
FN:852,(anonymous_125)
FN:856,(anonymous_126)
FN:859,(anonymous_127)
FN:871,(anonymous_128)
FN:874,(anonymous_129)
FN:878,(anonymous_130)
FN:884,(anonymous_131)
FN:885,(anonymous_132)
FN:889,(anonymous_133)
FN:905,(anonymous_134)
FN:907,(anonymous_135)
FN:909,(anonymous_136)
FN:912,(anonymous_137)
FN:923,(anonymous_138)
FN:924,(anonymous_139)
FN:927,(anonymous_140)
FN:946,(anonymous_141)
FN:948,(anonymous_142)
FN:950,(anonymous_143)
FN:953,(anonymous_144)
FN:956,(anonymous_145)
FN:958,(anonymous_146)
FN:967,(anonymous_147)
FN:972,(anonymous_148)
FN:980,(anonymous_149)
FN:1005,(anonymous_150)
FN:1006,(anonymous_151)
FN:1010,(anonymous_152)
FN:1011,(anonymous_153)
FN:1014,(anonymous_154)
FN:1025,(anonymous_155)
FN:1026,(anonymous_156)
FN:1028,(anonymous_157)
FN:1034,(anonymous_158)
FN:1038,(anonymous_159)
FN:1041,(anonymous_160)
FN:1044,(anonymous_161)
FN:1057,(anonymous_162)
FN:1059,(anonymous_163)
FN:1074,(anonymous_164)
FN:1077,(anonymous_165)
FN:1079,(anonymous_166)
FN:1082,(anonymous_167)
FN:1085,(anonymous_168)
FN:1092,(anonymous_169)
FN:1093,(anonymous_170)
FN:1097,(anonymous_171)
FN:1099,(anonymous_172)
FN:1111,(anonymous_173)
FN:1112,(anonymous_174)
FN:1128,(anonymous_175)
FN:1131,(anonymous_176)
FN:1136,(anonymous_177)
FN:1137,(anonymous_178)
FN:1139,(anonymous_179)
FN:1144,(anonymous_180)
FN:1147,(anonymous_181)
FN:1153,(anonymous_182)
FN:1155,(anonymous_183)
FN:1157,(anonymous_184)
FNF:184
FNH:149
FNDA:1,e
FNDA:21,s
FNDA:20,(anonymous_3)
FNDA:1,(anonymous_4)
FNDA:1,(anonymous_5)
FNDA:80,(anonymous_6)
FNDA:0,(anonymous_7)
FNDA:9,(anonymous_8)
FNDA:9,(anonymous_9)
FNDA:0,(anonymous_10)
FNDA:80,(anonymous_11)
FNDA:1,(anonymous_12)
FNDA:1,(anonymous_13)
FNDA:5,(anonymous_14)
FNDA:6,(anonymous_15)
FNDA:6,(anonymous_16)
FNDA:0,(anonymous_17)
FNDA:6,(anonymous_18)
FNDA:1,(anonymous_19)
FNDA:1,(anonymous_20)
FNDA:1,(anonymous_21)
FNDA:0,(anonymous_22)
FNDA:1,(anonymous_23)
FNDA:1,(anonymous_24)
FNDA:1,(anonymous_25)
FNDA:1,(anonymous_26)
FNDA:1,(anonymous_27)
FNDA:0,(anonymous_28)
FNDA:1,(anonymous_29)
FNDA:1,(anonymous_30)
FNDA:1,(anonymous_31)
FNDA:0,(anonymous_32)
FNDA:1,(anonymous_33)
FNDA:1,(anonymous_34)
FNDA:1,(anonymous_35)
FNDA:1,(anonymous_36)
FNDA:1,(anonymous_37)
FNDA:1,(anonymous_38)
FNDA:5,(anonymous_39)
FNDA:3,(anonymous_40)
FNDA:3,(anonymous_41)
FNDA:0,authenticateOrCreateUser
FNDA:0,(anonymous_43)
FNDA:0,(anonymous_44)
FNDA:1,(anonymous_45)
FNDA:0,(anonymous_46)
FNDA:1,(anonymous_47)
FNDA:0,(anonymous_48)
FNDA:1,(anonymous_49)
FNDA:1,(anonymous_50)
FNDA:4,(anonymous_51)
FNDA:1,(anonymous_52)
FNDA:0,(anonymous_53)
FNDA:0,(anonymous_54)
FNDA:0,(anonymous_55)
FNDA:0,(anonymous_56)
FNDA:3,(anonymous_57)
FNDA:2,(anonymous_58)
FNDA:0,(anonymous_59)
FNDA:1,(anonymous_60)
FNDA:1,(anonymous_61)
FNDA:4,(anonymous_62)
FNDA:1,(anonymous_63)
FNDA:3,(anonymous_64)
FNDA:2,(anonymous_65)
FNDA:1,(anonymous_66)
FNDA:1,(anonymous_67)
FNDA:1,(anonymous_68)
FNDA:0,(anonymous_69)
FNDA:0,(anonymous_70)
FNDA:1,(anonymous_71)
FNDA:1,(anonymous_72)
FNDA:9,(anonymous_73)
FNDA:10,(anonymous_74)
FNDA:0,(anonymous_75)
FNDA:10,(anonymous_76)
FNDA:10,(anonymous_77)
FNDA:2,(anonymous_78)
FNDA:1,(anonymous_79)
FNDA:1,(anonymous_80)
FNDA:1,(anonymous_81)
FNDA:1,(anonymous_82)
FNDA:1,(anonymous_83)
FNDA:3,(anonymous_84)
FNDA:3,(anonymous_85)
FNDA:0,(anonymous_86)
FNDA:1,(anonymous_87)
FNDA:1,(anonymous_88)
FNDA:1,(anonymous_89)
FNDA:0,(anonymous_90)
FNDA:1,(anonymous_91)
FNDA:1,(anonymous_92)
FNDA:2,(anonymous_93)
FNDA:3,(anonymous_94)
FNDA:3,(anonymous_95)
FNDA:1,(anonymous_96)
FNDA:1,(anonymous_97)
FNDA:1,(anonymous_98)
FNDA:0,(anonymous_99)
FNDA:0,(anonymous_100)
FNDA:0,validate
FNDA:0,(anonymous_102)
FNDA:1,(anonymous_103)
FNDA:1,(anonymous_104)
FNDA:6,(anonymous_105)
FNDA:1,(anonymous_106)
FNDA:1,(anonymous_107)
FNDA:1,(anonymous_108)
FNDA:1,(anonymous_109)
FNDA:1,(anonymous_110)
FNDA:7,(anonymous_111)
FNDA:1,(anonymous_112)
FNDA:0,(anonymous_113)
FNDA:0,(anonymous_114)
FNDA:0,(anonymous_115)
FNDA:2,(anonymous_116)
FNDA:2,(anonymous_117)
FNDA:1,(anonymous_118)
FNDA:1,(anonymous_119)
FNDA:1,(anonymous_120)
FNDA:1,(anonymous_121)
FNDA:15,(anonymous_122)
FNDA:2,(anonymous_123)
FNDA:1,(anonymous_124)
FNDA:0,(anonymous_125)
FNDA:0,(anonymous_126)
FNDA:1,(anonymous_127)
FNDA:2,(anonymous_128)
FNDA:1,(anonymous_129)
FNDA:1,(anonymous_130)
FNDA:1,(anonymous_131)
FNDA:1,(anonymous_132)
FNDA:1,(anonymous_133)
FNDA:1,(anonymous_134)
FNDA:80,(anonymous_135)
FNDA:80,(anonymous_136)
FNDA:3,(anonymous_137)
FNDA:1,(anonymous_138)
FNDA:1,(anonymous_139)
FNDA:0,(anonymous_140)
FNDA:1,(anonymous_141)
FNDA:80,(anonymous_142)
FNDA:80,(anonymous_143)
FNDA:0,(anonymous_144)
FNDA:0,(anonymous_145)
FNDA:0,(anonymous_146)
FNDA:2,(anonymous_147)
FNDA:2,(anonymous_148)
FNDA:2,(anonymous_149)
FNDA:1,(anonymous_150)
FNDA:1,(anonymous_151)
FNDA:9,(anonymous_152)
FNDA:1,(anonymous_153)
FNDA:1,(anonymous_154)
FNDA:4,(anonymous_155)
FNDA:5,(anonymous_156)
FNDA:2,(anonymous_157)
FNDA:1,(anonymous_158)
FNDA:2,(anonymous_159)
FNDA:1,(anonymous_160)
FNDA:1,(anonymous_161)
FNDA:1,(anonymous_162)
FNDA:1,(anonymous_163)
FNDA:1,(anonymous_164)
FNDA:80,(anonymous_165)
FNDA:2,(anonymous_166)
FNDA:33,(anonymous_167)
FNDA:1,(anonymous_168)
FNDA:1,(anonymous_169)
FNDA:1,(anonymous_170)
FNDA:80,(anonymous_171)
FNDA:31,(anonymous_172)
FNDA:1,(anonymous_173)
FNDA:1,(anonymous_174)
FNDA:2,(anonymous_175)
FNDA:1,(anonymous_176)
FNDA:80,(anonymous_177)
FNDA:9,(anonymous_178)
FNDA:0,(anonymous_179)
FNDA:2,(anonymous_180)
FNDA:1,(anonymous_181)
FNDA:3,(anonymous_182)
FNDA:1,(anonymous_183)
FNDA:2,(anonymous_184)
DA:1,21
DA:2,1
DA:5,1
DA:6,1
DA:7,1
DA:8,1
DA:11,1
DA:12,1
DA:13,1
DA:14,1
DA:15,1
DA:16,1
DA:17,1
DA:18,1
DA:19,1
DA:20,1
DA:21,1
DA:24,1
DA:25,1
DA:26,1
DA:27,1
DA:28,1
DA:29,1
DA:30,1
DA:31,1
DA:34,1
DA:36,1
DA:52,1
DA:57,80
DA:58,0
DA:62,80
DA:63,9
DA:64,9
DA:68,80
DA:69,80
DA:71,80
DA:72,9
DA:73,0
DA:74,9
DA:75,9
DA:77,0
DA:80,80
DA:82,0
DA:88,1
DA:94,80
DA:95,80
DA:105,80
DA:111,80
DA:114,80
DA:117,80
DA:122,80
DA:204,80
DA:211,1
DA:214,1
DA:226,5
DA:227,6
DA:228,6
DA:231,6
DA:233,0
DA:236,6
DA:237,6
DA:241,5
DA:242,1
DA:250,1
DA:251,1
DA:254,1
DA:256,1
DA:259,0
DA:264,5
DA:265,1
DA:268,1
DA:269,1
DA:270,0
DA:272,1
DA:273,1
DA:279,5
DA:280,1
DA:288,1
DA:289,1
DA:292,1
DA:294,1
DA:297,0
DA:302,5
DA:303,1
DA:311,1
DA:312,1
DA:315,1
DA:317,1
DA:320,0
DA:324,5
DA:330,1
DA:333,1
DA:338,1
DA:339,1
DA:340,1
DA:341,1
DA:347,1
DA:350,1
DA:356,5
DA:357,3
DA:358,3
DA:359,2
DA:360,2
DA:361,2
DA:362,1
DA:366,1
DA:371,1
DA:372,1
DA:375,0
DA:382,1
DA:383,0
DA:392,0
DA:393,0
DA:394,0
DA:395,0
DA:396,0
DA:398,0
DA:399,0
DA:400,0
DA:401,0
DA:403,0
DA:404,0
DA:405,0
DA:412,5
DA:413,1
DA:414,0
DA:415,0
DA:420,5
DA:421,1
DA:422,0
DA:423,0
DA:432,1
DA:435,1
DA:448,4
DA:449,4
DA:452,4
DA:454,1
DA:457,4
DA:458,0
DA:459,0
DA:460,0
DA:462,0
DA:463,0
DA:464,0
DA:479,0
DA:480,0
DA:482,0
DA:483,0
DA:485,0
DA:491,4
DA:492,3
DA:493,3
DA:494,2
DA:496,2
DA:502,0
DA:511,1
DA:514,1
DA:519,4
DA:521,1
DA:524,4
DA:525,3
DA:531,3
DA:532,2
DA:533,2
DA:534,2
DA:535,1
DA:539,1
DA:544,1
DA:545,0
DA:548,1
DA:557,1
DA:560,1
DA:566,0
DA:567,0
DA:568,0
DA:570,0
DA:578,1
DA:581,1
DA:596,9
DA:597,10
DA:598,0
DA:601,0
DA:605,10
DA:606,10
DA:607,10
DA:608,10
DA:609,10
DA:616,9
DA:617,2
DA:621,2
DA:622,2
DA:623,1
DA:624,1
DA:630,1
DA:632,1
DA:633,1
DA:637,9
DA:638,1
DA:641,9
DA:648,9
DA:649,1
DA:652,1
DA:656,9
DA:657,3
DA:658,3
DA:659,3
DA:661,3
DA:667,0
DA:672,9
DA:673,1
DA:681,1
DA:682,1
DA:685,1
DA:687,1
DA:694,0
DA:698,9
DA:704,1
DA:707,1
DA:713,2
DA:714,3
DA:715,3
DA:719,2
DA:720,1
DA:721,1
DA:723,2
DA:729,1
DA:732,1
DA:734,0
DA:737,1
DA:738,0
DA:739,0
DA:740,0
DA:742,0
DA:743,0
DA:744,0
DA:745,0
DA:753,1
DA:756,1
DA:758,6
DA:760,1
DA:761,0
DA:763,1
DA:767,1
DA:770,1
DA:777,1
DA:780,1
DA:782,7
DA:783,1
DA:786,7
DA:787,0
DA:799,0
DA:800,0
DA:805,7
DA:806,2
DA:818,2
DA:820,2
DA:821,1
DA:824,2
DA:825,1
DA:831,1
DA:834,1
DA:836,15
DA:837,2
DA:840,15
DA:841,1
DA:853,0
DA:854,0
DA:859,15
DA:860,1
DA:872,2
DA:874,2
DA:875,1
DA:878,2
DA:879,1
DA:885,1
DA:888,1
DA:890,1
DA:901,1
DA:906,1
DA:908,80
DA:909,80
DA:910,80
DA:912,80
DA:913,3
DA:914,3
DA:916,4
DA:924,1
DA:925,1
DA:926,1
DA:928,0
DA:930,0
DA:931,0
DA:934,0
DA:947,1
DA:949,80
DA:950,80
DA:951,80
DA:953,80
DA:954,0
DA:955,0
DA:956,0
DA:957,0
DA:959,0
DA:964,0
DA:967,80
DA:968,2
DA:970,2
DA:972,2
DA:973,2
DA:974,2
DA:975,2
DA:976,2
DA:977,2
DA:978,2
DA:980,2
DA:981,2
DA:982,2
DA:983,2
DA:984,2
DA:985,2
DA:986,2
DA:990,1
DA:992,0
DA:1006,1
DA:1009,1
DA:1011,9
DA:1012,1
DA:1014,9
DA:1015,1
DA:1026,4
DA:1027,5
DA:1029,2
DA:1033,4
DA:1034,4
DA:1035,1
DA:1038,4
DA:1039,2
DA:1041,4
DA:1042,1
DA:1043,1
DA:1044,1
DA:1045,1
DA:1046,1
DA:1047,1
DA:1048,1
DA:1053,4
DA:1058,1
DA:1060,1
DA:1071,1
DA:1075,1
DA:1078,80
DA:1080,2
DA:1083,33
DA:1086,1
DA:1093,1
DA:1096,1
DA:1098,80
DA:1100,31
DA:1101,31
DA:1102,15
DA:1104,31
DA:1107,80
DA:1112,1
DA:1115,1
DA:1117,80
DA:1128,80
DA:1129,2
DA:1130,1
DA:1132,1
DA:1136,80
DA:1137,80
DA:1138,9
DA:1140,0
DA:1144,80
DA:1145,2
DA:1146,1
DA:1148,1
DA:1153,80
DA:1154,3
DA:1156,1
DA:1158,2
DA:1161,80
LF:382
LH:308
BRDA:1,1,0,21
BRDA:1,1,1,0
BRDA:1,2,0,0
BRDA:1,2,1,21
BRDA:1,3,0,0
BRDA:1,3,1,0
BRDA:1,4,0,0
BRDA:1,4,1,0
BRDA:1,5,0,0
BRDA:1,5,1,0
BRDA:1,6,0,0
BRDA:1,6,1,0
BRDA:1,7,0,20
BRDA:1,7,1,0
BRDA:1,8,0,1
BRDA:1,8,1,0
BRDA:63,9,0,9
BRDA:63,9,1,0
BRDA:72,10,0,0
BRDA:72,10,1,9
BRDA:72,11,0,9
BRDA:72,11,1,0
BRDA:74,12,0,9
BRDA:74,12,1,0
BRDA:269,13,0,0
BRDA:269,13,1,1
BRDA:358,14,0,2
BRDA:358,14,1,1
BRDA:361,15,0,1
BRDA:361,15,1,1
BRDA:371,16,0,1
BRDA:371,16,1,0
BRDA:383,17,0,0
BRDA:383,17,1,0
BRDA:384,18,0,0
BRDA:384,18,1,0
BRDA:387,19,0,0
BRDA:387,19,1,0
BRDA:388,20,0,0
BRDA:388,20,1,0
BRDA:399,21,0,0
BRDA:399,21,1,0
BRDA:414,22,0,0
BRDA:414,22,1,0
BRDA:422,23,0,0
BRDA:422,23,1,0
BRDA:459,24,0,0
BRDA:459,24,1,0
BRDA:462,25,0,0
BRDA:462,25,1,0
BRDA:462,26,0,0
BRDA:462,26,1,0
BRDA:534,27,0,1
BRDA:534,27,1,1
BRDA:544,28,0,0
BRDA:544,28,1,1
BRDA:544,29,0,1
BRDA:544,29,1,0
BRDA:567,30,0,0
BRDA:567,30,1,0
BRDA:597,31,0,0
BRDA:597,31,1,10
BRDA:606,32,0,10
BRDA:606,32,1,0
BRDA:740,33,0,0
BRDA:740,33,1,0
BRDA:760,34,0,0
BRDA:760,34,1,1
BRDA:799,35,0,0
BRDA:799,35,1,0
BRDA:853,36,0,0
BRDA:853,36,1,0
BRDA:925,37,0,1
BRDA:925,37,1,0
BRDA:930,38,0,0
BRDA:930,38,1,0
BRDA:954,39,0,0
BRDA:954,39,1,0
BRDA:955,40,0,0
BRDA:955,40,1,0
BRDA:997,41,0,1
BRDA:997,41,1,1
BRDA:1101,42,0,15
BRDA:1101,42,1,16
BRDA:1101,43,0,31
BRDA:1101,43,1,21
BRF:86
BRH:28
end_of_record
